<?xml version="1.0" encoding="UTF-8"?>
<!-- Generated by org.testng.reporters.JUnitXMLReporter -->
<testsuite ignored="2" hostname="DESKTOP-6PM4V7G" failures="0" tests="1" name="Default test" time="8.517" errors="0" timestamp="2023-12-28T09:32:38 IST">
  <testcase classname="testes.TableTest" name="verifyPersonOffice" time="1.037"/>
  <testcase classname="testes.TableTest" name="verify_table_heading" time="0.0">
    <ignored/>
  </testcase> <!-- verify_table_heading -->
  <testcase classname="testes.TableTest" name="verify_tigernixson_office" time="0.0">
    <ignored/>
  </testcase> <!-- verify_tigernixson_office -->
</testsuite> <!-- Default test -->
