<?xml version="1.0" encoding="UTF-8"?>
<testng-results ignored="2" total="3" passed="1" failed="0" skipped="0">
  <reporter-output>
  </reporter-output>
  <suite started-at="2023-12-28T09:32:30 IST" name="Default suite" finished-at="2023-12-28T09:32:38 IST" duration-ms="8517">
    <groups>
    </groups>
    <test started-at="2023-12-28T09:32:30 IST" name="Default test" finished-at="2023-12-28T09:32:38 IST" duration-ms="8517">
      <class name="testes.TableTest">
        <test-method is-config="true" signature="launch_browser()[pri:0, instance:testes.TableTest@7b2bbc3]" started-at="2023-12-28T09:32:30 IST" name="launch_browser" finished-at="2023-12-28T09:32:37 IST" duration-ms="7433" status="PASS">
          <reporter-output>
          </reporter-output>
        </test-method> <!-- launch_browser -->
        <test-method signature="verifyPersonOffice()[pri:0, instance:testes.TableTest@7b2bbc3]" started-at="2023-12-28T09:32:37 IST" name="verifyPersonOffice" finished-at="2023-12-28T09:32:38 IST" duration-ms="1037" status="PASS">
          <reporter-output>
          </reporter-output>
        </test-method> <!-- verifyPersonOffice -->
      </class> <!-- testes.TableTest -->
    </test> <!-- Default test -->
  </suite> <!-- Default suite -->
</testng-results>
